Arguments: 
  /usr/bin/node /usr/share/yarn/bin/yarn.js

PATH: 
  /usr/local/sbin:/usr/local/bin:/usr/sbin:/usr/bin:/sbin:/bin:/usr/games:/usr/local/games:/snap/bin:/usr/lib/jvm/java-8-oracle/bin:/usr/lib/jvm/java-8-oracle/db/bin:/usr/lib/jvm/java-8-oracle/jre/bin

Yarn version: 
  1.10.1

Node version: 
  8.10.0

Platform: 
  linux x64

Trace: 
  SyntaxError: /home/admin/.cache/yarn/v2/npm-caniuse-db-1.0.30000899-f66d667d507c2aa19603a4a3763d71aa89cc360f/.yarn-metadata.json: Unexpected end of JSON input
      at JSON.parse (<anonymous>)
      at /usr/share/yarn/lib/cli.js:1136:59
      at Generator.next (<anonymous>)
      at step (/usr/share/yarn/lib/cli.js:98:30)
      at /usr/share/yarn/lib/cli.js:109:13
      at <anonymous>

npm manifest: 
  {
    "name": "alurapic",
    "description": "A Vue.js project",
    "version": "1.0.0",
    "author": "",
    "private": true,
    "scripts": {
      "dev": "cross-env NODE_ENV=development webpack-dev-server --open --inline --hot",
      "build": "cross-env NODE_ENV=production webpack --progress --hide-modules"
    },
    "dependencies": {
      "vue": "^2.1.0",
      "vue-resource": "^1.0.3",
      "vue-router": "^2.1.1"
    },
    "devDependencies": {
      "babel-core": "^6.0.0",
      "babel-loader": "^6.0.0",
      "babel-preset-es2015": "^6.0.0",
      "cross-env": "^3.0.0",
      "css-loader": "^0.25.0",
      "file-loader": "^0.9.0",
      "vue-loader": "^10.0.0",
      "vue-template-compiler": "^2.1.0",
      "webpack": "^2.1.0-beta.25",
      "webpack-dev-server": "^2.1.0-beta.9"
    }
  }

yarn manifest: 
  No manifest

Lockfile: 
  No lockfile
